<?xml version="1.0" encoding="UTF-8"?>
<testsuite xmlns:xsi="http://www.w3.org/2001/XMLSchema-instance" xsi:noNamespaceSchemaLocation="https://maven.apache.org/surefire/maven-surefire-plugin/xsd/surefire-test-report-3.0.xsd" version="3.0" name="com.example.nba.NbaApiClientTest" time="0.222" tests="5" errors="0" skipped="0" failures="0">
  <properties>
[...]
</properties>
  <testcase name="testTeamInfoObject" classname="com.example.nba.NbaApiClientTest" time="0.167"/>
  <testcase name="testRevenueCalculationHelper" classname="com.example.nba.NbaApiClientTest" time="0.008">
    <system-out><![CDATA[Total revenue calculated: $4849000000
]]></system-out>
  </testcase>
  <testcase name="testCalculateTotalRevenueWithMockData" classname="com.example.nba.NbaApiClientTest" time="0.003">
    <system-out><![CDATA[Mock data created with 38 teams
Expected total revenue: $4849000000

First 5 teams:
  Los Angeles Lakers - Revenue: $100000000
  Boston Celtics - Revenue: $105000000
  Chicago Bulls - Revenue: $110000000
  Miami Heat - Revenue: $115000000
  Golden State Warriors - Revenue: $120000000

Test passed: Successfully calculated revenue for 38 teams with total revenue of $4849000000
]]></system-out>
  </testcase>
  <testcase name="testJsonSerializationDeserialization" classname="com.example.nba.NbaApiClientTest" time="0.036">
    <system-out><![CDATA[JSON serialization/deserialization test passed
Sample JSON response: {"data":[{"name":"Los Angeles Lakers","revenue":100000000},{"name":"Boston Celtics","revenue":105000...
]]></system-out>
  </testcase>
  <testcase name="testPaginationResponseObject" classname="com.example.nba.NbaApiClientTest" time="0"/>
</testsuite>